app/build/outputs/logs/manifest-merger-release-report.txt
-- Merging decision tree log ---
manifest
ADDED from src/main/AndroidManifest.xml:1:1-83:12
INJECTED from src/main/AndroidManifest.xml:1:1-83:12
INJECTED from src/main/AndroidManifest.xml:1:1-83:12
INJECTED from src/main/AndroidManifest.xml:1:1-83:12
MERGED from [com.jude:rollviewpager:1.4.5] AndroidManifest.xml:2:1-11:12
MERGED from [com.android.support:support-v4:23.4.0] AndroidManifest.xml:17:1-24:12
MERGED from [com.android.volley:volley:1.0.0] AndroidManifest.xml:2:1-11:12
INJECTED from src/main/AndroidManifest.xml:1:1-83:12
INJECTED from src/main/AndroidManifest.xml:1:1-83:12
INJECTED from src/main/AndroidManifest.xml:1:1-83:12
	package
		ADDED from src/main/AndroidManifest.xml:2:5-32
		INJECTED from src/main/AndroidManifest.xml
		INJECTED from src/main/AndroidManifest.xml
	android:versionName
		INJECTED from src/main/AndroidManifest.xml
		ADDED from src/main/AndroidManifest.xml:1:1-83:12
		INJECTED from src/main/AndroidManifest.xml
	android:versionCode
		INJECTED from src/main/AndroidManifest.xml
		ADDED from src/main/AndroidManifest.xml:1:1-83:12
		INJECTED from src/main/AndroidManifest.xml
	xmlns:android
		ADDED from src/main/AndroidManifest.xml:1:11-69
uses-permission#android.permission.VIBRATE
ADDED from src/main/AndroidManifest.xml:5:2-63
	android:name
		ADDED from src/main/AndroidManifest.xml:5:19-60
uses-permission#android.permission.INTERNET
ADDED from src/main/AndroidManifest.xml:6:2-64
	android:name
		ADDED from src/main/AndroidManifest.xml:6:19-61
uses-permission#android.permission.SET_WALLPAPER
ADDED from src/main/AndroidManifest.xml:7:2-69
	android:name
		ADDED from src/main/AndroidManifest.xml:7:19-66
uses-permission#android.permission.ACCESS_NETWORK_STATE
ADDED from src/main/AndroidManifest.xml:8:2-75
	android:name
		ADDED from src/main/AndroidManifest.xml:8:19-73
uses-permission#android.permission.RECEIVE_BOOT_COMPLETED
ADDED from src/main/AndroidManifest.xml:9:2-77
	android:name
		ADDED from src/main/AndroidManifest.xml:9:19-75
uses-permission#android.permission.WRITE_EXTERNAL_STORAGE
ADDED from src/main/AndroidManifest.xml:10:2-78
	android:name
		ADDED from src/main/AndroidManifest.xml:10:19-75
uses-permission#android.permission.READ_EXTERNAL_STORAGE
ADDED from src/main/AndroidManifest.xml:11:2-77
	android:name
		ADDED from src/main/AndroidManifest.xml:11:19-74
uses-permission#android.permission.KILL_BACKGROUND_PROCESSES
ADDED from src/main/AndroidManifest.xml:12:2-81
	android:name
		ADDED from src/main/AndroidManifest.xml:12:19-78
uses-permission#android.permission.ACCESS_WIFI_STATE
ADDED from src/main/AndroidManifest.xml:14:3-73
	android:name
		ADDED from src/main/AndroidManifest.xml:14:20-71
uses-permission#android.permission.CHANGE_NETWORK_STATE
ADDED from src/main/AndroidManifest.xml:15:2-75
	android:name
		ADDED from src/main/AndroidManifest.xml:15:19-73
uses-permission#android.permission.CHANGE_WIFI_STATE
ADDED from src/main/AndroidManifest.xml:16:2-72
	android:name
		ADDED from src/main/AndroidManifest.xml:16:19-70
uses-permission#android.permission.READ_PHONE_STATE
ADDED from src/main/AndroidManifest.xml:17:2-71
	android:name
		ADDED from src/main/AndroidManifest.xml:17:19-69
uses-permission#android.permission.WAKE_LOCK
ADDED from src/main/AndroidManifest.xml:19:2-65
	android:name
		ADDED from src/main/AndroidManifest.xml:19:19-62
uses-permission#android.permission.GET_ACCOUNTS
ADDED from src/main/AndroidManifest.xml:20:2-68
	android:name
		ADDED from src/main/AndroidManifest.xml:20:19-65
uses-permission#android.permission.SYSTEM_ALERT_WINDOW
ADDED from src/main/AndroidManifest.xml:22:2-74
	android:name
		ADDED from src/main/AndroidManifest.xml:22:19-72
application
ADDED from src/main/AndroidManifest.xml:34:5-81:19
MERGED from [com.android.support:support-v4:23.4.0] AndroidManifest.xml:22:5-20
MERGED from [com.android.support:support-v4:23.4.0] AndroidManifest.xml:22:5-20
MERGED from [com.android.volley:volley:1.0.0] AndroidManifest.xml:9:5-20
MERGED from [com.android.volley:volley:1.0.0] AndroidManifest.xml:9:5-20
	android:screenOrientation
		ADDED from src/main/AndroidManifest.xml:39:9-46
	android:label
		ADDED from src/main/AndroidManifest.xml:37:9-41
	android:icon
		ADDED from src/main/AndroidManifest.xml:36:9-45
	android:allowBackup
		ADDED from src/main/AndroidManifest.xml:35:9-35
	android:theme
		ADDED from src/main/AndroidManifest.xml:40:9-40
	android:name
		ADDED from src/main/AndroidManifest.xml:38:9-49
activity#com.wiatec.update.MainActivity
ADDED from src/main/AndroidManifest.xml:43:3-52:20
	android:screenOrientation
		ADDED from src/main/AndroidManifest.xml:47:18-55
	android:label
		ADDED from src/main/AndroidManifest.xml:44:18-50
	android:configChanges
		ADDED from src/main/AndroidManifest.xml:46:18-79
	android:theme
		ADDED from src/main/AndroidManifest.xml:45:18-76
	android:name
		ADDED from src/main/AndroidManifest.xml:43:13-41
intent-filter#action:name:android.intent.action.MAIN+category:name:android.intent.category.LAUNCHER
ADDED from src/main/AndroidManifest.xml:48:4-51:20
action#android.intent.action.MAIN
ADDED from src/main/AndroidManifest.xml:49:5-56
	android:name
		ADDED from src/main/AndroidManifest.xml:49:13-54
category#android.intent.category.LAUNCHER
ADDED from src/main/AndroidManifest.xml:50:5-64
	android:name
		ADDED from src/main/AndroidManifest.xml:50:15-62
activity#com.wiatec.update.Update
ADDED from src/main/AndroidManifest.xml:61:9-65:20
	android:screenOrientation
		ADDED from src/main/AndroidManifest.xml:64:19-56
	android:label
		ADDED from src/main/AndroidManifest.xml:62:19-51
	android:configChanges
		ADDED from src/main/AndroidManifest.xml:63:19-80
	android:name
		ADDED from src/main/AndroidManifest.xml:61:19-58
receiver#com.wiatec.update.receiver.BootBroadcastReceiver
ADDED from src/main/AndroidManifest.xml:67:9-71:20
	android:name
		ADDED from src/main/AndroidManifest.xml:67:19-65
intent-filter#action:name:android.intent.action.BOOT_COMPLETED
ADDED from src/main/AndroidManifest.xml:68:13-70:29
action#android.intent.action.BOOT_COMPLETED
ADDED from src/main/AndroidManifest.xml:69:17-79
	android:name
		ADDED from src/main/AndroidManifest.xml:69:25-76
service#com.wiatec.update.services.CheckVersionService
ADDED from src/main/AndroidManifest.xml:79:9-64
	android:name
		ADDED from src/main/AndroidManifest.xml:79:18-62
service#com.wiatec.update.services.DownloadService
ADDED from src/main/AndroidManifest.xml:80:9-60
	android:name
		ADDED from src/main/AndroidManifest.xml:80:18-58
uses-sdk
INJECTED from src/main/AndroidManifest.xml reason: use-sdk injection requested
INJECTED from src/main/AndroidManifest.xml
INJECTED from src/main/AndroidManifest.xml
MERGED from [com.jude:rollviewpager:1.4.5] AndroidManifest.xml:7:5-9:41
MERGED from [com.jude:rollviewpager:1.4.5] AndroidManifest.xml:7:5-9:41
MERGED from [com.android.support:support-v4:23.4.0] AndroidManifest.xml:20:5-43
MERGED from [com.android.support:support-v4:23.4.0] AndroidManifest.xml:20:5-43
MERGED from [com.android.volley:volley:1.0.0] AndroidManifest.xml:7:5-43
MERGED from [com.android.volley:volley:1.0.0] AndroidManifest.xml:7:5-43
INJECTED from src/main/AndroidManifest.xml
INJECTED from src/main/AndroidManifest.xml
	android:targetSdkVersion
		INJECTED from src/main/AndroidManifest.xml
		ADDED from src/main/AndroidManifest.xml
		INJECTED from src/main/AndroidManifest.xml
	android:minSdkVersion
		INJECTED from src/main/AndroidManifest.xml
		ADDED from src/main/AndroidManifest.xml
		INJECTED from src/main/AndroidManifest.xml